<?xml version="1.0" encoding="UTF-8"?>
<!-- Generated by org.testng.reporters.JUnitReportReporter -->
<testsuite hostname="DESKTOP-V1B5SLC" failures="0" tests="1" name="tests.Datadriven" time="114.542" errors="0" timestamp="2022-02-22T14:02:55 IST" skipped="0">
  <testcase classname="tests.Datadriven" name="accounts" time="114.542"/>
  <system-out/>
</testsuite> <!-- tests.Datadriven -->
